<?xml version="1.0" encoding="utf-8"?><testsuites name="pytest tests"><testsuite name="pytest" errors="0" failures="0" skipped="0" tests="17" time="0.306" timestamp="2026-06-27T19:04:58.478318+00:00" hostname="agent-env-06a89a89-e020-4cc4-ba30-25d320a04a21"><testcase classname="tests.test_migration_006_b8_verification.TestIsAdminUniqueAfterDrop" name="test_exactly_two_definitions_in_files" time="0.001" /><testcase classname="tests.test_migration_006_b8_verification.TestSyntaxWellFormed" name="test_sqlparse_parses" time="0.022" /><testcase classname="tests.test_migration_006_b8_verification.TestIsAdminUniqueAfterDrop" name="test_001_defines_one_arg_with_default" time="0.001" /><testcase classname="tests.test_migration_006_b8_verification.TestIsAdminUniqueAfterDrop" name="test_005_defines_no_arg_version" time="0.001" /><testcase classname="tests.test_migration_006_b8_verification.TestIsAdminUniqueAfterDrop" name="test_006_drops_the_no_arg_version" time="0.000" /><testcase classname="tests.test_migration_006_b8_verification.TestM006Idempotent" name="test_create_table_uses_if_not_exists" time="0.001" /><testcase classname="tests.test_migration_006_b8_verification.TestM006Idempotent" name="test_create_function_uses_or_replace" time="0.000" /><testcase classname="tests.test_migration_006_b8_verification.TestM006Idempotent" name="test_create_policy_preceded_by_drop_policy_if_exists" time="0.001" /><testcase classname="tests.test_migration_006_b8_verification.TestM006Idempotent" name="test_storage_bucket_insert_guarded" time="0.000" /><testcase classname="tests.test_migration_006_b8_verification.TestDropPositionedFirst" name="test_drop_no_arg_is_admin_exists" time="0.000" /><testcase classname="tests.test_migration_006_b8_verification.TestDropPositionedFirst" name="test_drop_appears_before_first_ddl" time="0.000" /><testcase classname="tests.test_migration_006_b8_verification.TestM005CallsUnambiguous" name="test_all_is_admin_calls_in_005_have_no_args" time="0.000" /><testcase classname="tests.test_migration_006_b8_verification.TestM005CallsUnambiguous" name="test_005_does_not_need_rerun_after_006" time="0.000" /><testcase classname="tests.test_migration_006_b8_verification.TestFlutterDoesNotCallIsAdmin" name="test_no_dart_rpc_for_is_admin" time="0.002" /><testcase classname="tests.test_migration_006_b8_verification.TestSyntaxWellFormed" name="test_dollar_quote_delimiters_balanced" time="0.000" /><testcase classname="tests.test_migration_006_b8_verification.TestSyntaxWellFormed" name="test_parentheses_balanced" time="0.000" /><testcase classname="tests.test_migration_006_b8_verification.TestSyntaxWellFormed" name="test_every_statement_terminated" time="0.000" /></testsuite></testsuites>