<?xml version="1.0" encoding="utf-8"?><testsuites name="pytest tests"><testsuite name="pytest" errors="0" failures="0" skipped="0" tests="35" time="0.315" timestamp="2026-06-30T14:04:48.706553+00:00" hostname="agent-env-06a89a89-e020-4cc4-ba30-25d320a04a21"><testcase classname="tests.test_migration_007_b9_demo_seed.TestIdempotency" name="test_auth_users_on_conflict" time="0.001" /><testcase classname="tests.test_migration_007_b9_demo_seed.TestDemoUuidConsistency" name="test_uuid_passed_to_seed_demo_user[00000000-0000-4000-8000-000000000001]" time="0.001" /><testcase classname="tests.test_migration_007_b9_demo_seed.TestIdempotency" name="test_profile_subtables_on_conflict[profile_photos]" time="0.000" /><testcase classname="tests.test_migration_007_b9_demo_seed.TestIdempotency" name="test_profile_subtables_on_conflict[profile_prompts]" time="0.000" /><testcase classname="tests.test_migration_007_b9_demo_seed.TestIdempotency" name="test_profile_subtables_on_conflict[profile_interests]" time="0.000" /><testcase classname="tests.test_migration_007_b9_demo_seed.TestIdempotency" name="test_profile_subtables_on_conflict[profile_looking_for]" time="0.000" /><testcase classname="tests.test_migration_007_b9_demo_seed.TestIdempotency" name="test_profile_subtables_on_conflict[profile_life_situation]" time="0.000" /><testcase classname="tests.test_migration_007_b9_demo_seed.TestIdempotency" name="test_verification_status_on_conflict" time="0.000" /><testcase classname="tests.test_migration_007_b9_demo_seed.TestDemoUuidConsistency" name="test_uuid_passed_to_seed_demo_user[00000000-0000-4000-8000-000000000002]" time="0.000" /><testcase classname="tests.test_migration_007_b9_demo_seed.TestDemoUuidConsistency" name="test_uuid_passed_to_seed_demo_user[00000000-0000-4000-8000-000000000003]" time="0.000" /><testcase classname="tests.test_migration_007_b9_demo_seed.TestDemoUuidConsistency" name="test_uuid_passed_to_seed_demo_user[00000000-0000-4000-8000-000000000004]" time="0.000" /><testcase classname="tests.test_migration_007_b9_demo_seed.TestDemoUuidConsistency" name="test_uuid_passed_to_seed_demo_user[00000000-0000-4000-8000-000000000005]" time="0.000" /><testcase classname="tests.test_migration_007_b9_demo_seed.TestDemoUuidConsistency" name="test_uuid_passed_to_seed_demo_user[00000000-0000-4000-8000-000000000006]" time="0.000" /><testcase classname="tests.test_migration_007_b9_demo_seed.TestDemoUuidConsistency" name="test_uuid_referenced_in_rpc[00000000-0000-4000-8000-000000000001]" time="0.000" /><testcase classname="tests.test_migration_007_b9_demo_seed.TestDemoUuidConsistency" name="test_uuid_referenced_in_rpc[00000000-0000-4000-8000-000000000002]" time="0.000" /><testcase classname="tests.test_migration_007_b9_demo_seed.TestDemoUuidConsistency" name="test_uuid_referenced_in_rpc[00000000-0000-4000-8000-000000000003]" time="0.000" /><testcase classname="tests.test_migration_007_b9_demo_seed.TestIdempotency" name="test_profiles_lookup_then_update_branch" time="0.001" /><testcase classname="tests.test_migration_007_b9_demo_seed.TestDemoUuidConsistency" name="test_uuid_referenced_in_rpc[00000000-0000-4000-8000-000000000004]" time="0.000" /><testcase classname="tests.test_migration_007_b9_demo_seed.TestDemoUuidConsistency" name="test_uuid_referenced_in_rpc[00000000-0000-4000-8000-000000000005]" time="0.000" /><testcase classname="tests.test_migration_007_b9_demo_seed.TestDemoUuidConsistency" name="test_uuid_referenced_in_rpc[00000000-0000-4000-8000-000000000006]" time="0.000" /><testcase classname="tests.test_migration_007_b9_demo_seed.TestIdempotency" name="test_create_or_replace_functions" time="0.000" /><testcase classname="tests.test_migration_007_b9_demo_seed.TestDemoUuidConsistency" name="test_exactly_six_demo_uuids_in_rpc" time="0.000" /><testcase classname="tests.test_migration_007_b9_demo_seed.TestPlaceholderPassword" name="test_placeholder_present" time="0.000" /><testcase classname="tests.test_migration_007_b9_demo_seed.TestSqlWellFormed" name="test_sqlparse_produces_statements" time="0.007" /><testcase classname="tests.test_migration_007_b9_demo_seed.TestPlaceholderPassword" name="test_placeholder_exact_length" time="0.000" /><testcase classname="tests.test_migration_007_b9_demo_seed.TestPlaceholderPassword" name="test_placeholder_bcrypt_prefix" time="0.000" /><testcase classname="tests.test_migration_007_b9_demo_seed.TestPlaceholderPassword" name="test_placeholder_on_encrypted_password_line" time="0.000" /><testcase classname="tests.test_migration_007_b9_demo_seed.TestPgcryptoRemoval" name="test_no_crypt_calls" time="0.000" /><testcase classname="tests.test_migration_007_b9_demo_seed.TestPgcryptoRemoval" name="test_no_gen_salt_calls" time="0.000" /><testcase classname="tests.test_migration_007_b9_demo_seed.TestPgcryptoRemoval" name="test_no_create_extension_pgcrypto" time="0.000" /><testcase classname="tests.test_migration_007_b9_demo_seed.TestGenRandomUuid" name="test_present_in_messages_insert" time="0.000" /><testcase classname="tests.test_migration_007_b9_demo_seed.TestGrants" name="test_grant_execute_to_authenticated" time="0.000" /><testcase classname="tests.test_migration_007_b9_demo_seed.TestSqlWellFormed" name="test_dollar_quotes_balanced" time="0.000" /><testcase classname="tests.test_migration_007_b9_demo_seed.TestSqlWellFormed" name="test_parentheses_balanced" time="0.000" /><testcase classname="tests.test_migration_007_b9_demo_seed.TestSqlWellFormed" name="test_terminating_semicolon" time="0.000" /></testsuite></testsuites>